1602753333393	geckodriver	INFO	Listening on 127.0.0.1:40939
1602753334411	mozrunner::runner	INFO	Running command: "/usr/bin/firefox" "--marionette" "-foreground" "-no-remote" "-profile" "/tmp/rust_mozprofile4XoI7E"
console.error: SearchCache: "_readCacheFile: Error reading cache file:" (new Error("", "(unknown module)"))
1602753338083	Marionette	INFO	Listening on port 33101
1602753338146	Marionette	WARN	TLS certificate errors will be ignored for this session
JavaScript error: https://cdn.useinfluence.co/static/influence-analytics.js?trackingId=INF-z9tkfi4x8dv, line 8: TypeError: response.find is not a function
JavaScript error: https://cdn.useinfluence.co/static/influence-analytics.js?trackingId=INF-z9tkfi4x8dv, line 1: SyntaxError: redeclaration of let pathIndex
JavaScript error: https://4sales.bg/search?orderby=position&orderway=desc&search_query=%D0%B2%D0%BE%D0%BB%D0%B0%D0%BD, line 26: ReferenceError: $ is not defined
JavaScript error: https://cdn.useinfluence.co/static/influence-analytics.js?trackingId=INF-z9tkfi4x8dv, line 1: SyntaxError: redeclaration of let pathIndex
JavaScript error: https://4sales.bg/search?orderby=position&orderway=desc&search_query=%D0%B2%D0%BE%D0%BB%D0%B0%D0%BD line 1092 > injectedScript, line 1: ReferenceError: FB is not defined
JavaScript error: https://cdn.useinfluence.co/static/influence-analytics.js?trackingId=INF-z9tkfi4x8dv, line 8: TypeError: response.find is not a function
JavaScript error: https://cdn.useinfluence.co/static/influence-analytics.js?trackingId=INF-z9tkfi4x8dv, line 1: SyntaxError: redeclaration of let pathIndex
JavaScript error: https://cdn.useinfluence.co/static/influence-analytics.js?trackingId=INF-z9tkfi4x8dv, line 8: TypeError: response.find is not a function
JavaScript error: https://cdn.useinfluence.co/static/influence-analytics.js?trackingId=INF-z9tkfi4x8dv, line 1: SyntaxError: redeclaration of let pathIndex
JavaScript error: https://cdn.useinfluence.co/static/influence-analytics.js?trackingId=INF-z9tkfi4x8dv, line 8: TypeError: response.find is not a function
1602753374864	Marionette	INFO	Stopped listening on port 33101
IPDL protocol error: Handler returned error code!

###!!! [Parent][DispatchAsyncMessage] Error: PLayerTransaction::Msg_ReleaseLayer Processing error: message was deserialized, but the handler returned false (indicating failure)

IPDL protocol error: Handler returned error code!

###!!! [Parent][DispatchAsyncMessage] Error: PLayerTransaction::Msg_ReleaseLayer Processing error: message was deserialized, but the handler returned false (indicating failure)

1602753414141	geckodriver	INFO	Listening on 127.0.0.1:39307
1602753414155	mozrunner::runner	INFO	Running command: "/usr/bin/firefox" "--marionette" "-foreground" "-no-remote" "-profile" "/tmp/rust_mozprofileQU0PSp"
console.error: SearchCache: "_readCacheFile: Error reading cache file:" (new Error("", "(unknown module)"))
1602753417210	Marionette	INFO	Listening on port 45779
1602753417264	Marionette	WARN	TLS certificate errors will be ignored for this session
JavaScript error: https://cdn.useinfluence.co/static/influence-analytics.js?trackingId=INF-z9tkfi4x8dv, line 1: SyntaxError: redeclaration of let pathIndex
JavaScript error: https://cdn.useinfluence.co/static/influence-analytics.js?trackingId=INF-z9tkfi4x8dv, line 8: TypeError: response.find is not a function
JavaScript error: https://4sales.bg/search?orderby=position&orderway=desc&search_query=%D0%B2%D0%BE%D0%BB%D0%B0%D0%BD, line 26: ReferenceError: $ is not defined
JavaScript error: https://4sales.bg/search?orderby=position&orderway=desc&search_query=%D0%B2%D0%BE%D0%BB%D0%B0%D0%BD line 1092 > injectedScript, line 1: ReferenceError: FB is not defined
JavaScript error: https://cdn.useinfluence.co/static/influence-analytics.js?trackingId=INF-z9tkfi4x8dv, line 1: SyntaxError: redeclaration of let pathIndex
JavaScript error: https://cdn.useinfluence.co/static/influence-analytics.js?trackingId=INF-z9tkfi4x8dv, line 8: TypeError: response.find is not a function
JavaScript error: https://cdn.useinfluence.co/static/influence-analytics.js?trackingId=INF-z9tkfi4x8dv, line 1: SyntaxError: redeclaration of let pathIndex
JavaScript error: https://cdn.useinfluence.co/static/influence-analytics.js?trackingId=INF-z9tkfi4x8dv, line 8: TypeError: response.find is not a function
JavaScript error: https://cdn.useinfluence.co/static/influence-analytics.js?trackingId=INF-z9tkfi4x8dv, line 1: SyntaxError: redeclaration of let pathIndex
JavaScript error: https://cdn.useinfluence.co/static/influence-analytics.js?trackingId=INF-z9tkfi4x8dv, line 8: TypeError: response.find is not a function
1602753447524	Marionette	INFO	Stopped listening on port 45779
